

Started GET "/pages/home" for 127.0.0.1 at 2011-08-31 23:19:57 -0400
  Processing by PagesController#home as HTML
Rendered pages/home.html.erb within layouts/application (2.0ms)
Completed 200 OK in 6ms (Views: 5.9ms | ActiveRecord: 0.0ms)


Started GET "/pages/" for 127.0.0.1 at 2011-08-31 23:21:08 -0400

ActionController::RoutingError (No route matches "/pages"):
  

Rendered /usr/local/lib/ruby/gems/1.9.1/gems/actionpack-3.0.6/lib/action_dispatch/middleware/templates/rescues/routing_error.erb within rescues/layout (1.2ms)


Started GET "/pages/home" for 127.0.0.1 at 2011-09-01 21:56:38 -0400
  Processing by PagesController#home as HTML
Rendered pages/home.html.erb within layouts/application (1.1ms)
Completed 200 OK in 7ms (Views: 6.8ms | ActiveRecord: 0.0ms)


Started GET "/pages/contact" for 127.0.0.1 at 2011-09-01 21:56:46 -0400
  Processing by PagesController#contact as HTML
Rendered pages/contact.html.erb within layouts/application (0.9ms)
Completed 200 OK in 5ms (Views: 4.7ms | ActiveRecord: 0.0ms)


Started GET "/pages/about" for 127.0.0.1 at 2011-09-01 21:56:59 -0400
  Processing by PagesController#about as HTML
Rendered pages/about.html.erb within layouts/application (0.8ms)
Completed 200 OK in 5ms (Views: 4.5ms | ActiveRecord: 0.0ms)


Started GET "/pages/" for 127.0.0.1 at 2011-10-11 21:24:59 -0400

ActionController::RoutingError (No route matches "/pages"):
  

Rendered /usr/local/lib/ruby/gems/1.9.1/gems/actionpack-3.0.6/lib/action_dispatch/middleware/templates/rescues/routing_error.erb within rescues/layout (1.2ms)


Started GET "/pages/about" for 127.0.0.1 at 2011-10-11 21:25:05 -0400
  Processing by PagesController#about as HTML
Rendered pages/about.html.erb within layouts/application (0.9ms)
Completed 200 OK in 6ms (Views: 5.4ms | ActiveRecord: 0.0ms)


Started GET "/home" for 127.0.0.1 at 2011-10-11 21:54:20 -0400

ActionController::RoutingError (No route matches "/home"):
  

Rendered /usr/local/lib/ruby/gems/1.9.1/gems/actionpack-3.0.6/lib/action_dispatch/middleware/templates/rescues/routing_error.erb within rescues/layout (1.2ms)


Started GET "/pages/about" for 127.0.0.1 at 2011-10-11 21:54:27 -0400
  Processing by PagesController#about as HTML
Rendered pages/about.html.erb within layouts/application (0.8ms)
Completed 200 OK in 5ms (Views: 4.2ms | ActiveRecord: 0.0ms)


Started GET "/pages/about" for 127.0.0.1 at 2011-10-11 22:05:20 -0400
  Processing by PagesController#about as HTML
Rendered pages/about.html.erb within layouts/application (1.2ms)
Completed 200 OK in 5ms (Views: 4.5ms | ActiveRecord: 0.0ms)


Started GET "/pages/about" for 127.0.0.1 at 2011-10-11 22:54:25 -0400
  Processing by PagesController#about as HTML
Rendered pages/about.html.erb within layouts/application (1.7ms)
Completed 200 OK in 5ms (Views: 5.0ms | ActiveRecord: 0.0ms)


Started GET "/pages/about" for 127.0.0.1 at 2011-10-11 22:55:40 -0400
  Processing by PagesController#about as HTML
Rendered pages/about.html.erb within layouts/application (1.7ms)
Completed 200 OK in 5ms (Views: 5.0ms | ActiveRecord: 0.0ms)


Started GET "/pages/about" for 127.0.0.1 at 2011-10-11 22:55:41 -0400
  Processing by PagesController#about as HTML
Rendered pages/about.html.erb within layouts/application (1.6ms)
Completed 200 OK in 5ms (Views: 4.8ms | ActiveRecord: 0.0ms)


Started GET "/pages/about" for 127.0.0.1 at 2011-10-11 22:55:42 -0400
  Processing by PagesController#about as HTML
Rendered pages/about.html.erb within layouts/application (1.6ms)
Completed 200 OK in 5ms (Views: 4.9ms | ActiveRecord: 0.0ms)


Started GET "/pages/about" for 127.0.0.1 at 2011-10-11 22:56:30 -0400
  Processing by PagesController#about as HTML
Rendered pages/about.html.erb within layouts/application (1.6ms)
Completed 200 OK in 5ms (Views: 5.0ms | ActiveRecord: 0.0ms)


Started GET "/pages/about" for 127.0.0.1 at 2011-10-11 22:56:48 -0400
  Processing by PagesController#about as HTML
Rendered pages/about.html.erb within layouts/application (1.6ms)
Completed 200 OK in 5ms (Views: 5.0ms | ActiveRecord: 0.0ms)


Started GET "/pages/homw" for 127.0.0.1 at 2011-10-11 22:56:56 -0400

ActionController::RoutingError (No route matches "/pages/homw"):
  

Rendered /usr/local/lib/ruby/gems/1.9.1/gems/actionpack-3.0.6/lib/action_dispatch/middleware/templates/rescues/routing_error.erb within rescues/layout (1.1ms)


Started GET "/pages/home" for 127.0.0.1 at 2011-10-11 22:57:01 -0400
  Processing by PagesController#home as HTML
Rendered pages/home.html.erb within layouts/application (1.9ms)
Completed 200 OK in 8ms (Views: 7.2ms | ActiveRecord: 0.0ms)


Started GET "/pages/home" for 127.0.0.1 at 2011-10-11 23:00:43 -0400
  Processing by PagesController#home as HTML
Rendered layouts/_stylesheets.html.erb (1.1ms)
Rendered pages/home.html.erb within layouts/application (2.9ms)
Completed 200 OK in 7ms (Views: 6.5ms | ActiveRecord: 0.0ms)


Started GET "/pages/home" for 127.0.0.1 at 2011-10-11 23:00:44 -0400
  Processing by PagesController#home as HTML
Rendered layouts/_stylesheets.html.erb (1.1ms)
Rendered pages/home.html.erb within layouts/application (2.8ms)
Completed 200 OK in 6ms (Views: 6.0ms | ActiveRecord: 0.0ms)


Started GET "/" for 127.0.0.1 at 2011-10-11 23:15:51 -0400
  Processing by PagesController#home as HTML
Rendered layouts/_stylesheets.html.erb (1.1ms)
Rendered pages/home.html.erb within layouts/application (3.1ms)
Completed 200 OK in 7ms (Views: 6.3ms | ActiveRecord: 0.0ms)


Started GET "/about" for 127.0.0.1 at 2011-10-11 23:15:57 -0400
  Processing by PagesController#about as HTML
Rendered layouts/_stylesheets.html.erb (1.2ms)
Rendered pages/about.html.erb within layouts/application (2.9ms)
Completed 200 OK in 7ms (Views: 6.3ms | ActiveRecord: 0.0ms)


Started GET "/contact" for 127.0.0.1 at 2011-10-11 23:16:07 -0400
  Processing by PagesController#contact as HTML
Rendered layouts/_stylesheets.html.erb (1.0ms)
Rendered pages/contact.html.erb within layouts/application (2.8ms)
Completed 200 OK in 7ms (Views: 6.2ms | ActiveRecord: 0.0ms)


Started GET "/contact" for 127.0.0.1 at 2011-10-12 00:03:31 -0400
  Processing by PagesController#contact as HTML
Rendered layouts/_stylesheets.html.erb (1.1ms)
Rendered pages/contact.html.erb within layouts/application (2.9ms)
Completed 200 OK in 7ms (Views: 6.2ms | ActiveRecord: 0.0ms)


Started GET "/" for 127.0.0.1 at 2011-10-12 00:03:52 -0400
  Processing by PagesController#home as HTML
Rendered layouts/_stylesheets.html.erb (1.1ms)
Rendered pages/home.html.erb within layouts/application (3.4ms)
Completed 200 OK in 7ms (Views: 6.8ms | ActiveRecord: 0.0ms)


Started GET "/" for 127.0.0.1 at 2011-10-12 00:25:36 -0400
  Processing by PagesController#home as HTML
Rendered layouts/_stylesheets.html.erb (1.2ms)
Rendered pages/home.html.erb within layouts/application (3.7ms)
Completed 200 OK in 7ms (Views: 7.1ms | ActiveRecord: 0.0ms)


Started GET "/" for 127.0.0.1 at 2011-10-12 00:27:44 -0400
  Processing by PagesController#home as HTML
Rendered layouts/_stylesheets.html.erb (1.2ms)
Rendered pages/home.html.erb within layouts/application (3.7ms)
Completed 200 OK in 7ms (Views: 7.1ms | ActiveRecord: 0.0ms)


Started GET "/" for 127.0.0.1 at 2011-10-12 00:31:23 -0400
  Processing by PagesController#home as HTML
Rendered layouts/_stylesheets.html.erb (1.2ms)
Rendered pages/home.html.erb within layouts/application (3.9ms)
Completed 200 OK in 8ms (Views: 7.6ms | ActiveRecord: 0.0ms)


Started POST "/home" for 127.0.0.1 at 2011-10-12 00:33:48 -0400

ActionController::RoutingError (No route matches "/home"):
  

Rendered /usr/local/lib/ruby/gems/1.9.1/gems/actionpack-3.0.6/lib/action_dispatch/middleware/templates/rescues/routing_error.erb within rescues/layout (1.1ms)


Started GET "/" for 127.0.0.1 at 2011-10-12 00:34:31 -0400
  Processing by PagesController#home as HTML
Rendered layouts/_stylesheets.html.erb (1.1ms)
Rendered pages/home.html.erb within layouts/application (3.6ms)
Completed 200 OK in 7ms (Views: 6.9ms | ActiveRecord: 0.0ms)


Started POST "/" for 127.0.0.1 at 2011-10-12 00:34:41 -0400
  Processing by PagesController#home as HTML
  Parameters: {"utf8"=>"✓", "authenticity_token"=>"Byok6mqH4lklvfMiO1EXTb89RsL8+A5jVb9WC/qAwGM=", "e-mail"=>"", "commit"=>"Subscribe"}
Rendered layouts/_stylesheets.html.erb (1.1ms)
Rendered pages/home.html.erb within layouts/application (3.6ms)
Completed 200 OK in 7ms (Views: 6.9ms | ActiveRecord: 0.0ms)


Started POST "/" for 127.0.0.1 at 2011-10-12 00:34:42 -0400
  Processing by PagesController#home as HTML
  Parameters: {"utf8"=>"✓", "authenticity_token"=>"Byok6mqH4lklvfMiO1EXTb89RsL8+A5jVb9WC/qAwGM=", "e-mail"=>"", "commit"=>"Subscribe"}
Rendered layouts/_stylesheets.html.erb (1.1ms)
Rendered pages/home.html.erb within layouts/application (3.3ms)
Completed 200 OK in 7ms (Views: 6.5ms | ActiveRecord: 0.0ms)


Started POST "/" for 127.0.0.1 at 2011-10-12 00:34:43 -0400
  Processing by PagesController#home as HTML
  Parameters: {"utf8"=>"✓", "authenticity_token"=>"Byok6mqH4lklvfMiO1EXTb89RsL8+A5jVb9WC/qAwGM=", "e-mail"=>"", "commit"=>"Subscribe"}
Rendered layouts/_stylesheets.html.erb (1.1ms)
Rendered pages/home.html.erb within layouts/application (3.4ms)
Completed 200 OK in 7ms (Views: 6.9ms | ActiveRecord: 0.0ms)


Started GET "/" for 127.0.0.1 at 2011-10-12 00:55:49 -0400
  Processing by PagesController#home as HTML
Rendered layouts/_stylesheets.html.erb (1.2ms)
Rendered pages/home.html.erb within layouts/application (3.7ms)
Completed 200 OK in 7ms (Views: 7.1ms | ActiveRecord: 0.0ms)


Started POST "/" for 127.0.0.1 at 2011-10-12 00:56:08 -0400
  Processing by PagesController#home as HTML
  Parameters: {"utf8"=>"✓", "authenticity_token"=>"Byok6mqH4lklvfMiO1EXTb89RsL8+A5jVb9WC/qAwGM=", "e-mail"=>"", "commit"=>"Subscribe"}
Rendered layouts/_stylesheets.html.erb (1.2ms)
Rendered pages/home.html.erb within layouts/application (3.4ms)
Completed 200 OK in 7ms (Views: 6.8ms | ActiveRecord: 0.0ms)


Started POST "/" for 127.0.0.1 at 2011-10-12 00:56:25 -0400
  Processing by PagesController#home as HTML
  Parameters: {"utf8"=>"✓", "authenticity_token"=>"Byok6mqH4lklvfMiO1EXTb89RsL8+A5jVb9WC/qAwGM=", "e-mail"=>"roberto@gmail.com", "commit"=>"Subscribe"}
Rendered layouts/_stylesheets.html.erb (1.1ms)
Rendered pages/home.html.erb within layouts/application (3.3ms)
Completed 200 OK in 7ms (Views: 6.6ms | ActiveRecord: 0.0ms)


Started POST "/" for 127.0.0.1 at 2011-10-12 01:12:21 -0400

SyntaxError (/Users/roberto/projects/sample_app/app/controllers/pages_controller.rb:23: syntax error, unexpected $end, expecting keyword_end):
  

Rendered /usr/local/lib/ruby/gems/1.9.1/gems/actionpack-3.0.6/lib/action_dispatch/middleware/templates/rescues/_trace.erb (1.4ms)
Rendered /usr/local/lib/ruby/gems/1.9.1/gems/actionpack-3.0.6/lib/action_dispatch/middleware/templates/rescues/_request_and_response.erb (8.4ms)
Rendered /usr/local/lib/ruby/gems/1.9.1/gems/actionpack-3.0.6/lib/action_dispatch/middleware/templates/rescues/diagnostics.erb within rescues/layout (346.8ms)


Started GET "/" for 127.0.0.1 at 2011-10-12 01:12:53 -0400

SyntaxError (/Users/roberto/projects/sample_app/app/controllers/pages_controller.rb:23: syntax error, unexpected $end, expecting keyword_end):
  

Rendered /usr/local/lib/ruby/gems/1.9.1/gems/actionpack-3.0.6/lib/action_dispatch/middleware/templates/rescues/_trace.erb (1.3ms)
Rendered /usr/local/lib/ruby/gems/1.9.1/gems/actionpack-3.0.6/lib/action_dispatch/middleware/templates/rescues/_request_and_response.erb (7.3ms)
Rendered /usr/local/lib/ruby/gems/1.9.1/gems/actionpack-3.0.6/lib/action_dispatch/middleware/templates/rescues/diagnostics.erb within rescues/layout (14.7ms)


Started GET "/home" for 127.0.0.1 at 2011-10-12 01:13:01 -0400

ActionController::RoutingError (No route matches "/home"):
  

Rendered /usr/local/lib/ruby/gems/1.9.1/gems/actionpack-3.0.6/lib/action_dispatch/middleware/templates/rescues/routing_error.erb within rescues/layout (1.0ms)


Started GET "/" for 127.0.0.1 at 2011-10-12 01:13:07 -0400

SyntaxError (/Users/roberto/projects/sample_app/app/controllers/pages_controller.rb:23: syntax error, unexpected $end, expecting keyword_end):
  

Rendered /usr/local/lib/ruby/gems/1.9.1/gems/actionpack-3.0.6/lib/action_dispatch/middleware/templates/rescues/_trace.erb (1.4ms)
Rendered /usr/local/lib/ruby/gems/1.9.1/gems/actionpack-3.0.6/lib/action_dispatch/middleware/templates/rescues/_request_and_response.erb (1.6ms)
Rendered /usr/local/lib/ruby/gems/1.9.1/gems/actionpack-3.0.6/lib/action_dispatch/middleware/templates/rescues/diagnostics.erb within rescues/layout (7.1ms)


Started GET "/" for 127.0.0.1 at 2011-10-12 01:17:41 -0400

SyntaxError (/Users/roberto/projects/sample_app/app/controllers/pages_controller.rb:23: syntax error, unexpected $end, expecting keyword_end):
  

Rendered /usr/local/lib/ruby/gems/1.9.1/gems/actionpack-3.0.6/lib/action_dispatch/middleware/templates/rescues/_trace.erb (1.3ms)
Rendered /usr/local/lib/ruby/gems/1.9.1/gems/actionpack-3.0.6/lib/action_dispatch/middleware/templates/rescues/_request_and_response.erb (7.2ms)
Rendered /usr/local/lib/ruby/gems/1.9.1/gems/actionpack-3.0.6/lib/action_dispatch/middleware/templates/rescues/diagnostics.erb within rescues/layout (14.4ms)


Started GET "/" for 127.0.0.1 at 2011-10-12 01:18:52 -0400
  Processing by PagesController#home as HTML
Completed   in 1ms

NameError (undefined local variable or method `from_email' for #<PagesController:0x000001039e13e0>):
  app/controllers/pages_controller.rb:6:in `home'

Rendered /usr/local/lib/ruby/gems/1.9.1/gems/actionpack-3.0.6/lib/action_dispatch/middleware/templates/rescues/_trace.erb (1.4ms)
Rendered /usr/local/lib/ruby/gems/1.9.1/gems/actionpack-3.0.6/lib/action_dispatch/middleware/templates/rescues/_request_and_response.erb (3.2ms)
Rendered /usr/local/lib/ruby/gems/1.9.1/gems/actionpack-3.0.6/lib/action_dispatch/middleware/templates/rescues/diagnostics.erb within rescues/layout (10.6ms)


Started GET "/" for 127.0.0.1 at 2011-10-12 01:22:19 -0400
  Processing by PagesController#home as HTML
Rendered layouts/_stylesheets.html.erb (1.1ms)
Rendered pages/home.html.erb within layouts/application (3.9ms)
Completed 200 OK in 8ms (Views: 7.3ms | ActiveRecord: 0.0ms)


Started GET "/" for 127.0.0.1 at 2011-10-12 01:23:11 -0400
  Processing by PagesController#home as HTML
Rendered layouts/_stylesheets.html.erb (1.1ms)
Rendered pages/home.html.erb within layouts/application (3.9ms)
Completed 200 OK in 8ms (Views: 7.3ms | ActiveRecord: 0.0ms)


Started GET "/" for 127.0.0.1 at 2011-10-12 01:25:45 -0400
  Processing by PagesController#home as HTML
Rendered layouts/_stylesheets.html.erb (1.1ms)
Rendered pages/home.html.erb within layouts/application (3.8ms)
Completed 200 OK in 8ms (Views: 7.2ms | ActiveRecord: 0.0ms)


Started GET "/" for 127.0.0.1 at 2011-10-12 01:27:15 -0400
  Processing by PagesController#home as HTML
Rendered layouts/_stylesheets.html.erb (1.1ms)
Rendered pages/home.html.erb within layouts/application (3.8ms)
Completed 200 OK in 7ms (Views: 7.1ms | ActiveRecord: 0.0ms)


Started GET "/" for 127.0.0.1 at 2011-10-12 01:28:09 -0400
  Processing by PagesController#home as HTML
Redirected to http://localhost:3000/
Completed 302 Found in 1ms


Started GET "/" for 127.0.0.1 at 2011-10-12 01:28:09 -0400
  Processing by PagesController#home as HTML
Redirected to http://localhost:3000/
Completed 302 Found in 1ms


Started GET "/" for 127.0.0.1 at 2011-10-12 01:28:09 -0400
  Processing by PagesController#home as HTML
Redirected to http://localhost:3000/
Completed 302 Found in 1ms


Started GET "/" for 127.0.0.1 at 2011-10-12 01:28:09 -0400
  Processing by PagesController#home as HTML
Redirected to http://localhost:3000/
Completed 302 Found in 1ms


Started GET "/" for 127.0.0.1 at 2011-10-12 01:28:09 -0400
  Processing by PagesController#home as HTML
Redirected to http://localhost:3000/
Completed 302 Found in 1ms


Started GET "/" for 127.0.0.1 at 2011-10-12 01:28:09 -0400
  Processing by PagesController#home as HTML
Redirected to http://localhost:3000/
Completed 302 Found in 1ms


Started GET "/" for 127.0.0.1 at 2011-10-12 01:28:09 -0400
  Processing by PagesController#home as HTML
Redirected to http://localhost:3000/
Completed 302 Found in 1ms


Started GET "/" for 127.0.0.1 at 2011-10-12 01:28:09 -0400
  Processing by PagesController#home as HTML
Redirected to http://localhost:3000/
Completed 302 Found in 1ms


Started GET "/" for 127.0.0.1 at 2011-10-12 01:28:09 -0400
  Processing by PagesController#home as HTML
Redirected to http://localhost:3000/
Completed 302 Found in 1ms


Started GET "/" for 127.0.0.1 at 2011-10-12 01:28:09 -0400
  Processing by PagesController#home as HTML
Redirected to http://localhost:3000/
Completed 302 Found in 1ms


Started GET "/" for 127.0.0.1 at 2011-10-12 01:28:09 -0400
  Processing by PagesController#home as HTML
Redirected to http://localhost:3000/
Completed 302 Found in 1ms


Started GET "/" for 127.0.0.1 at 2011-10-12 01:28:09 -0400
  Processing by PagesController#home as HTML
Redirected to http://localhost:3000/
Completed 302 Found in 1ms


Started GET "/" for 127.0.0.1 at 2011-10-12 01:28:09 -0400
  Processing by PagesController#home as HTML
Redirected to http://localhost:3000/
Completed 302 Found in 1ms


Started GET "/" for 127.0.0.1 at 2011-10-12 01:28:09 -0400
  Processing by PagesController#home as HTML
Redirected to http://localhost:3000/
Completed 302 Found in 1ms


Started GET "/" for 127.0.0.1 at 2011-10-12 01:28:10 -0400
  Processing by PagesController#home as HTML
Redirected to http://localhost:3000/
Completed 302 Found in 1ms


Started GET "/" for 127.0.0.1 at 2011-10-12 01:28:10 -0400
  Processing by PagesController#home as HTML
Redirected to http://localhost:3000/
Completed 302 Found in 1ms


Started GET "/" for 127.0.0.1 at 2011-10-12 01:28:10 -0400
  Processing by PagesController#home as HTML
Redirected to http://localhost:3000/
Completed 302 Found in 1ms


Started GET "/" for 127.0.0.1 at 2011-10-12 01:28:10 -0400
  Processing by PagesController#home as HTML
Redirected to http://localhost:3000/
Completed 302 Found in 1ms


Started GET "/" for 127.0.0.1 at 2011-10-12 01:28:10 -0400
  Processing by PagesController#home as HTML
Redirected to http://localhost:3000/
Completed 302 Found in 1ms


Started GET "/" for 127.0.0.1 at 2011-10-12 01:28:10 -0400
  Processing by PagesController#home as HTML
Redirected to http://localhost:3000/
Completed 302 Found in 1ms


Started GET "/" for 127.0.0.1 at 2011-10-12 01:28:10 -0400
  Processing by PagesController#home as HTML
Redirected to http://localhost:3000/
Completed 302 Found in 1ms


Started GET "/" for 127.0.0.1 at 2011-10-12 01:28:26 -0400
  Processing by PagesController#home as HTML
Redirected to http://localhost:3000/
Completed 302 Found in 1ms


Started GET "/" for 127.0.0.1 at 2011-10-12 01:28:26 -0400
  Processing by PagesController#home as HTML
Redirected to http://localhost:3000/
Completed 302 Found in 1ms


Started GET "/" for 127.0.0.1 at 2011-10-12 01:28:26 -0400
  Processing by PagesController#home as HTML
Redirected to http://localhost:3000/
Completed 302 Found in 1ms


Started GET "/" for 127.0.0.1 at 2011-10-12 01:28:26 -0400
  Processing by PagesController#home as HTML
Redirected to http://localhost:3000/
Completed 302 Found in 1ms


Started GET "/" for 127.0.0.1 at 2011-10-12 01:28:26 -0400
  Processing by PagesController#home as HTML
Redirected to http://localhost:3000/
Completed 302 Found in 1ms


Started GET "/" for 127.0.0.1 at 2011-10-12 01:28:26 -0400
  Processing by PagesController#home as HTML
Redirected to http://localhost:3000/
Completed 302 Found in 1ms


Started GET "/" for 127.0.0.1 at 2011-10-12 01:28:26 -0400
  Processing by PagesController#home as HTML
Redirected to http://localhost:3000/
Completed 302 Found in 1ms


Started GET "/" for 127.0.0.1 at 2011-10-12 01:28:26 -0400
  Processing by PagesController#home as HTML
Redirected to http://localhost:3000/
Completed 302 Found in 1ms


Started GET "/" for 127.0.0.1 at 2011-10-12 01:28:26 -0400
  Processing by PagesController#home as HTML
Redirected to http://localhost:3000/
Completed 302 Found in 1ms


Started GET "/" for 127.0.0.1 at 2011-10-12 01:28:26 -0400
  Processing by PagesController#home as HTML
Redirected to http://localhost:3000/
Completed 302 Found in 1ms


Started GET "/" for 127.0.0.1 at 2011-10-12 01:28:26 -0400
  Processing by PagesController#home as HTML
Redirected to http://localhost:3000/
Completed 302 Found in 1ms


Started GET "/" for 127.0.0.1 at 2011-10-12 01:28:26 -0400
  Processing by PagesController#home as HTML
Redirected to http://localhost:3000/
Completed 302 Found in 1ms


Started GET "/" for 127.0.0.1 at 2011-10-12 01:28:26 -0400
  Processing by PagesController#home as HTML
Redirected to http://localhost:3000/
Completed 302 Found in 1ms


Started GET "/" for 127.0.0.1 at 2011-10-12 01:28:26 -0400
  Processing by PagesController#home as HTML
Redirected to http://localhost:3000/
Completed 302 Found in 1ms


Started GET "/" for 127.0.0.1 at 2011-10-12 01:28:26 -0400
  Processing by PagesController#home as HTML
Redirected to http://localhost:3000/
Completed 302 Found in 1ms


Started GET "/" for 127.0.0.1 at 2011-10-12 01:28:26 -0400
  Processing by PagesController#home as HTML
Redirected to http://localhost:3000/
Completed 302 Found in 1ms


Started GET "/" for 127.0.0.1 at 2011-10-12 01:28:26 -0400
  Processing by PagesController#home as HTML
Redirected to http://localhost:3000/
Completed 302 Found in 1ms


Started GET "/" for 127.0.0.1 at 2011-10-12 01:28:26 -0400
  Processing by PagesController#home as HTML
Redirected to http://localhost:3000/
Completed 302 Found in 1ms


Started GET "/" for 127.0.0.1 at 2011-10-12 01:28:26 -0400
  Processing by PagesController#home as HTML
Redirected to http://localhost:3000/
Completed 302 Found in 1ms


Started GET "/" for 127.0.0.1 at 2011-10-12 01:28:26 -0400
  Processing by PagesController#home as HTML
Redirected to http://localhost:3000/
Completed 302 Found in 1ms


Started GET "/" for 127.0.0.1 at 2011-10-12 01:28:26 -0400
  Processing by PagesController#home as HTML
Redirected to http://localhost:3000/
Completed 302 Found in 1ms


Started GET "/" for 127.0.0.1 at 2011-10-12 01:28:58 -0400
  Processing by PagesController#home as HTML
Rendered layouts/_stylesheets.html.erb (1.1ms)
Rendered pages/home.html.erb within layouts/application (3.7ms)
Completed 200 OK in 7ms (Views: 7.0ms | ActiveRecord: 0.0ms)


Started GET "/" for 127.0.0.1 at 2011-10-12 01:31:09 -0400
  Processing by PagesController#home as HTML
Rendered layouts/_stylesheets.html.erb (1.1ms)
Rendered pages/home.html.erb within layouts/application (3.8ms)
Completed 200 OK in 7ms (Views: 7.1ms | ActiveRecord: 0.0ms)


Started GET "/" for 127.0.0.1 at 2011-10-12 01:31:51 -0400
  Processing by PagesController#home as HTML
Rendered layouts/_stylesheets.html.erb (1.1ms)
Rendered pages/home.html.erb within layouts/application (3.7ms)
Completed 200 OK in 7ms (Views: 7.1ms | ActiveRecord: 0.0ms)


Started POST "/contact" for 127.0.0.1 at 2011-10-12 01:31:55 -0400
  Processing by PagesController#contact as HTML
  Parameters: {"utf8"=>"✓", "authenticity_token"=>"Byok6mqH4lklvfMiO1EXTb89RsL8+A5jVb9WC/qAwGM=", "email"=>"", "commit"=>"Subscribe"}
Redirected to http://localhost:3000/
Completed 302 Found in 1ms


Started GET "/" for 127.0.0.1 at 2011-10-12 01:31:55 -0400
  Processing by PagesController#home as HTML
Rendered layouts/_stylesheets.html.erb (1.2ms)
Rendered pages/home.html.erb within layouts/application (3.9ms)
Completed 200 OK in 8ms (Views: 7.4ms | ActiveRecord: 0.0ms)


Started POST "/contact" for 127.0.0.1 at 2011-10-12 01:32:25 -0400
  Processing by PagesController#contact as HTML
  Parameters: {"utf8"=>"✓", "authenticity_token"=>"Byok6mqH4lklvfMiO1EXTb89RsL8+A5jVb9WC/qAwGM=", "email"=>"roberto@gmail.com", "commit"=>"Subscribe"}
Redirected to http://localhost:3000/
Completed 302 Found in 1ms


Started GET "/" for 127.0.0.1 at 2011-10-12 01:32:25 -0400
  Processing by PagesController#home as HTML
Rendered layouts/_stylesheets.html.erb (1.1ms)
Rendered pages/home.html.erb within layouts/application (3.8ms)
Completed 200 OK in 8ms (Views: 7.5ms | ActiveRecord: 0.0ms)


Started GET "/" for 127.0.0.1 at 2011-10-12 01:44:15 -0400
  Processing by PagesController#home as HTML
Rendered layouts/_stylesheets.html.erb (1.1ms)
Rendered pages/home.html.erb within layouts/application (3.8ms)
Completed 200 OK in 8ms (Views: 7.3ms | ActiveRecord: 0.0ms)


Started POST "/contact" for 127.0.0.1 at 2011-10-12 01:44:26 -0400
  Processing by PagesController#contact as HTML
  Parameters: {"utf8"=>"✓", "authenticity_token"=>"Byok6mqH4lklvfMiO1EXTb89RsL8+A5jVb9WC/qAwGM=", "email"=>"roberto@gmail.com", "commit"=>"Subscribe"}
Completed   in 3262ms

Hominid::ListError (<200> Invalid MailChimp List ID: savorylist):
  app/controllers/pages_controller.rb:13:in `contact'

Rendered /usr/local/lib/ruby/gems/1.9.1/gems/actionpack-3.0.6/lib/action_dispatch/middleware/templates/rescues/_trace.erb (1.3ms)
Rendered /usr/local/lib/ruby/gems/1.9.1/gems/actionpack-3.0.6/lib/action_dispatch/middleware/templates/rescues/_request_and_response.erb (4.5ms)
Rendered /usr/local/lib/ruby/gems/1.9.1/gems/actionpack-3.0.6/lib/action_dispatch/middleware/templates/rescues/diagnostics.erb within rescues/layout (11.7ms)


Started GET "/" for 127.0.0.1 at 2011-10-12 01:45:52 -0400
  Processing by PagesController#home as HTML
Rendered layouts/_stylesheets.html.erb (1.2ms)
Rendered pages/home.html.erb within layouts/application (3.9ms)
Completed 200 OK in 8ms (Views: 7.2ms | ActiveRecord: 0.0ms)


Started POST "/contact" for 127.0.0.1 at 2011-10-12 01:45:57 -0400
  Processing by PagesController#contact as HTML
  Parameters: {"utf8"=>"✓", "authenticity_token"=>"Byok6mqH4lklvfMiO1EXTb89RsL8+A5jVb9WC/qAwGM=", "email"=>"roberto@gmail.com", "commit"=>"Subscribe"}
Completed   in 3188ms

Hominid::ListError (<200> Invalid MailChimp List ID: savorylist):
  app/controllers/pages_controller.rb:13:in `contact'

Rendered /usr/local/lib/ruby/gems/1.9.1/gems/actionpack-3.0.6/lib/action_dispatch/middleware/templates/rescues/_trace.erb (1.4ms)
Rendered /usr/local/lib/ruby/gems/1.9.1/gems/actionpack-3.0.6/lib/action_dispatch/middleware/templates/rescues/_request_and_response.erb (4.4ms)
Rendered /usr/local/lib/ruby/gems/1.9.1/gems/actionpack-3.0.6/lib/action_dispatch/middleware/templates/rescues/diagnostics.erb within rescues/layout (11.7ms)


Started GET "/" for 127.0.0.1 at 2011-10-12 01:48:07 -0400
  Processing by PagesController#home as HTML
Rendered layouts/_stylesheets.html.erb (1.2ms)
Rendered pages/home.html.erb within layouts/application (3.9ms)
Completed 200 OK in 8ms (Views: 7.3ms | ActiveRecord: 0.0ms)


Started POST "/contact" for 127.0.0.1 at 2011-10-12 01:48:15 -0400
  Processing by PagesController#contact as HTML
  Parameters: {"utf8"=>"✓", "authenticity_token"=>"Byok6mqH4lklvfMiO1EXTb89RsL8+A5jVb9WC/qAwGM=", "email"=>"roberto@gmail.com", "commit"=>"Subscribe"}
Redirected to http://localhost:3000/
Completed 302 Found in 2169ms


Started GET "/" for 127.0.0.1 at 2011-10-12 01:48:18 -0400
  Processing by PagesController#home as HTML
Rendered layouts/_stylesheets.html.erb (1.1ms)
Rendered pages/home.html.erb within layouts/application (3.6ms)
Completed 200 OK in 7ms (Views: 7.2ms | ActiveRecord: 0.0ms)
